<?xml version="1.0" encoding="UTF-8"?>
<testng-results skipped="0" failed="0" ignored="0" total="1" passed="1">
  <reporter-output>
  </reporter-output>
  <suite name="Default suite" duration-ms="2060" started-at="2021-03-30T15:16:41 IST" finished-at="2021-03-30T15:16:44 IST">
    <groups>
    </groups>
    <test name="Default test" duration-ms="2060" started-at="2021-03-30T15:16:41 IST" finished-at="2021-03-30T15:16:44 IST">
      <class name="suiteb.TestBB">
        <test-method status="PASS" signature="testBB()[pri:0, instance:suiteb.TestBB@3d99d22e]" name="testBB" duration-ms="2013" started-at="2021-03-30T15:16:41 IST" finished-at="2021-03-30T15:16:44 IST">
          <reporter-output>
          </reporter-output>
        </test-method> <!-- testBB -->
      </class> <!-- suiteb.TestBB -->
    </test> <!-- Default test -->
  </suite> <!-- Default suite -->
</testng-results>
